Build started 9/9/2017 8:57:09 AM.
     1>Project "D:\Kuliah\SMT 8\Bismillah TA\BismillahSegmentasi\BismillahSegmentasi\BismillahSegmentasi.vcxproj" on node 2 (build target(s)).
     1>InitializeBuildStatus:
         Creating "Debug\BismillahSegmentasi.unsuccessfulbuild" because "AlwaysCreate" was specified.
       ClCompile:
         All outputs are up-to-date.
         C:\Program Files (x86)\Microsoft Visual Studio 10.0\VC\bin\CL.exe /c /ZI /nologo /W3 /WX- /Od /Oy- /D WIN32 /D _WINDOWS /D _DEBUG /D _UNICODE /D UNICODE /D _AFXDLL /Gm /EHsc /RTC1 /MDd /GS /fp:precise /Zc:wchar_t /Zc:forScope /Yu"StdAfx.h" /Fp"Debug\BismillahSegmentasi.pch" /Fo"Debug\\" /Fd"Debug\vc100.pdb" /Gd /TP /analyze- /errorReport:prompt BismillahSegmentasiDlg.cpp
         BismillahSegmentasiDlg.cpp
     1>d:\kuliah\smt 8\bismillah ta\bismillahsegmentasi\bismillahsegmentasi\bismillahsegmentasidlg.cpp(323): warning C4018: '<' : signed/unsigned mismatch
     1>d:\kuliah\smt 8\bismillah ta\bismillahsegmentasi\bismillahsegmentasi\bismillahsegmentasidlg.cpp(326): warning C4244: '=' : conversion from 'double' to 'int', possible loss of data
     1>d:\kuliah\smt 8\bismillah ta\bismillahsegmentasi\bismillahsegmentasi\bismillahsegmentasidlg.cpp(327): warning C4244: '=' : conversion from 'double' to 'int', possible loss of data
     1>d:\kuliah\smt 8\bismillah ta\bismillahsegmentasi\bismillahsegmentasi\bismillahsegmentasidlg.cpp(380): warning C4018: '<' : signed/unsigned mismatch
     1>d:\kuliah\smt 8\bismillah ta\bismillahsegmentasi\bismillahsegmentasi\bismillahsegmentasidlg.cpp(432): warning C4018: '<' : signed/unsigned mismatch
     1>d:\kuliah\smt 8\bismillah ta\bismillahsegmentasi\bismillahsegmentasi\bismillahsegmentasidlg.cpp(435): warning C4244: '=' : conversion from 'double' to 'int', possible loss of data
     1>d:\kuliah\smt 8\bismillah ta\bismillahsegmentasi\bismillahsegmentasi\bismillahsegmentasidlg.cpp(436): warning C4244: '=' : conversion from 'double' to 'int', possible loss of data
     1>d:\kuliah\smt 8\bismillah ta\bismillahsegmentasi\bismillahsegmentasi\bismillahsegmentasidlg.cpp(452): warning C4018: '<' : signed/unsigned mismatch
     1>d:\kuliah\smt 8\bismillah ta\bismillahsegmentasi\bismillahsegmentasi\bismillahsegmentasidlg.cpp(495): warning C4018: '<' : signed/unsigned mismatch
     1>d:\kuliah\smt 8\bismillah ta\bismillahsegmentasi\bismillahsegmentasi\bismillahsegmentasidlg.cpp(499): warning C4258: 'ca' : definition from the for loop is ignored; the definition from the enclosing scope is used
                 d:\kuliah\smt 8\bismillah ta\bismillahsegmentasi\bismillahsegmentasi\bismillahsegmentasidlg.cpp(359) : definition of 'ca' ignored
                 d:\kuliah\smt 8\bismillah ta\bismillahsegmentasi\bismillahsegmentasi\bismillahsegmentasidlg.cpp(39) : definition of 'ca' used
     1>d:\kuliah\smt 8\bismillah ta\bismillahsegmentasi\bismillahsegmentasi\bismillahsegmentasidlg.cpp(500): warning C4258: 'ca' : definition from the for loop is ignored; the definition from the enclosing scope is used
                 d:\kuliah\smt 8\bismillah ta\bismillahsegmentasi\bismillahsegmentasi\bismillahsegmentasidlg.cpp(359) : definition of 'ca' ignored
                 d:\kuliah\smt 8\bismillah ta\bismillahsegmentasi\bismillahsegmentasi\bismillahsegmentasidlg.cpp(39) : definition of 'ca' used
     1>d:\kuliah\smt 8\bismillah ta\bismillahsegmentasi\bismillahsegmentasi\bismillahsegmentasidlg.cpp(506): warning C4244: '=' : conversion from 'float' to 'int', possible loss of data
     1>d:\kuliah\smt 8\bismillah ta\bismillahsegmentasi\bismillahsegmentasi\bismillahsegmentasidlg.cpp(506): warning C4244: '=' : conversion from 'float' to 'int', possible loss of data
     1>d:\kuliah\smt 8\bismillah ta\bismillahsegmentasi\bismillahsegmentasi\bismillahsegmentasidlg.cpp(468): warning C4101: 'ri2' : unreferenced local variable
     1>d:\kuliah\smt 8\bismillah ta\bismillahsegmentasi\bismillahsegmentasi\bismillahsegmentasidlg.cpp(467): warning C4101: 'pt2' : unreferenced local variable
     1>d:\kuliah\smt 8\bismillah ta\bismillahsegmentasi\bismillahsegmentasi\bismillahsegmentasidlg.cpp(669): warning C4018: '<' : signed/unsigned mismatch
     1>d:\kuliah\smt 8\bismillah ta\bismillahsegmentasi\bismillahsegmentasi\bismillahsegmentasidlg.cpp(672): warning C4244: '=' : conversion from 'double' to 'int', possible loss of data
     1>d:\kuliah\smt 8\bismillah ta\bismillahsegmentasi\bismillahsegmentasi\bismillahsegmentasidlg.cpp(673): warning C4244: '=' : conversion from 'double' to 'int', possible loss of data
     1>d:\kuliah\smt 8\bismillah ta\bismillahsegmentasi\bismillahsegmentasi\bismillahsegmentasidlg.cpp(689): warning C4018: '<' : signed/unsigned mismatch
     1>d:\kuliah\smt 8\bismillah ta\bismillahsegmentasi\bismillahsegmentasi\bismillahsegmentasidlg.cpp(729): warning C4018: '<' : signed/unsigned mismatch
     1>d:\kuliah\smt 8\bismillah ta\bismillahsegmentasi\bismillahsegmentasi\bismillahsegmentasidlg.cpp(747): warning C4244: '=' : conversion from 'double' to 'int', possible loss of data
     1>d:\kuliah\smt 8\bismillah ta\bismillahsegmentasi\bismillahsegmentasi\bismillahsegmentasidlg.cpp(702): warning C4101: 'ri' : unreferenced local variable
       ResourceCompile:
         All outputs are up-to-date.
       ManifestResourceCompile:
         All outputs are up-to-date.
       Link:
         C:\Program Files (x86)\Microsoft Visual Studio 10.0\VC\bin\link.exe /ERRORREPORT:PROMPT /OUT:"D:\Kuliah\SMT 8\Bismillah TA\BismillahSegmentasi\Debug\BismillahSegmentasi.exe" /INCREMENTAL /NOLOGO opencv_calib3d249d.lib opencv_contrib249d.lib opencv_core249d.lib opencv_features2d249d.lib opencv_flann249d.lib opencv_gpu249d.lib opencv_highgui249d.lib opencv_imgproc249d.lib opencv_legacy249d.lib opencv_ml249d.lib opencv_nonfree249d.lib opencv_objdetect249d.lib opencv_photo249d.lib opencv_stitching249d.lib opencv_ts249d.lib opencv_video249d.lib opencv_videostab249d.lib /MANIFEST /ManifestFile:"Debug\BismillahSegmentasi.exe.intermediate.manifest" /MANIFESTUAC:"level='asInvoker' uiAccess='false'" /DEBUG /PDB:"D:\Kuliah\SMT 8\Bismillah TA\BismillahSegmentasi\Debug\BismillahSegmentasi.pdb" /SUBSYSTEM:WINDOWS /TLBID:1 /ENTRY:"wWinMainCRTStartup" /DYNAMICBASE /NXCOMPAT /IMPLIB:"D:\Kuliah\SMT 8\Bismillah TA\BismillahSegmentasi\Debug\BismillahSegmentasi.lib" /MACHINE:X86 Debug\BismillahSegmentasi.res
         Debug\BismillahSegmentasi.exe.embed.manifest.res
         Debug\BismillahSegmentasi.obj
         Debug\BismillahSegmentasiDlg.obj
         Debug\stdafx.obj
       Manifest:
         C:\Program Files (x86)\Microsoft SDKs\Windows\v7.0A\bin\mt.exe /nologo /verbose /out:"Debug\BismillahSegmentasi.exe.embed.manifest" /manifest Debug\BismillahSegmentasi.exe.intermediate.manifest "C:\Program Files (x86)\Microsoft Visual Studio 10.0\VC\Include\Manifest\dpiaware.manifest"
         All outputs are up-to-date.
       LinkEmbedManifest:
         All outputs are up-to-date.
         BismillahSegmentasi.vcxproj -> D:\Kuliah\SMT 8\Bismillah TA\BismillahSegmentasi\Debug\BismillahSegmentasi.exe
       FinalizeBuildStatus:
         Deleting file "Debug\BismillahSegmentasi.unsuccessfulbuild".
         Touching "Debug\BismillahSegmentasi.lastbuildstate".
     1>Done Building Project "D:\Kuliah\SMT 8\Bismillah TA\BismillahSegmentasi\BismillahSegmentasi\BismillahSegmentasi.vcxproj" (build target(s)).

Build succeeded.

Time Elapsed 00:00:02.98
